<?xml version="1.0" encoding="UTF-8"?>
<!-- Generated by org.testng.reporters.JUnitReportReporter -->
<testsuite skipped="0" hostname="LAPTOP-GORURFBI" name="org.login.tester.ParameterExample" tests="1" failures="0" timestamp="12 Jan 2021 05:07:11 GMT" time="5.312" errors="0">
  <testcase name="tc1" time="5.312" classname="org.login.tester.ParameterExample"/>
</testsuite> <!-- org.login.tester.ParameterExample -->
