<?xml version="1.0" encoding="UTF-8"?>
<!-- Generated by org.testng.reporters.JUnitReportReporter -->
<testsuite skipped="0" hostname="LAPTOP-GORURFBI" name="org.task.tester.TestNgQ8" tests="1" failures="0" timestamp="25 Jan 2021 07:14:44 GMT" time="3.525" errors="0">
  <testcase name="tc1" time="3.525" classname="org.task.tester.TestNgQ8"/>
</testsuite> <!-- org.task.tester.TestNgQ8 -->
