<?xml version="1.0" encoding="UTF-8"?>
<!-- Generated by org.testng.reporters.JUnitReportReporter -->
<testsuite skipped="0" hostname="LAPTOP-GORURFBI" name="org.task.tester.TestNgQ12" tests="3" failures="0" timestamp="25 Jan 2021 05:25:07 GMT" time="9.291" errors="0">
  <testcase name="tc1" time="9.075" classname="org.task.tester.TestNgQ12"/>
  <testcase name="tc6" time="0.099" classname="org.task.tester.TestNgQ12"/>
  <testcase name="tc4" time="0.117" classname="org.task.tester.TestNgQ12"/>
</testsuite> <!-- org.task.tester.TestNgQ12 -->
