<?xml version="1.0" encoding="UTF-8"?>
<!-- Generated by org.testng.reporters.JUnitReportReporter -->
<testsuite skipped="0" hostname="LAPTOP-GORURFBI" name="org.task.tester.TestNgQ5" tests="1" failures="0" timestamp="10 Jun 2021 12:42:24 GMT" time="7.383" errors="0">
  <testcase name="tc1" time="7.383" classname="org.task.tester.TestNgQ5"/>
</testsuite> <!-- org.task.tester.TestNgQ5 -->
