<?xml version="1.0" encoding="UTF-8"?>
<!-- Generated by org.testng.reporters.JUnitReportReporter -->
<testsuite skipped="0" hostname="LAPTOP-GORURFBI" name="org.login.tester.C" tests="4" failures="0" timestamp="13 Jan 2021 05:21:53 GMT" time="39.943" errors="0">
  <testcase name="tc1" time="4.069" classname="org.login.tester.C"/>
  <testcase name="tc1" time="10.256" classname="org.login.tester.C"/>
  <testcase name="tc1" time="19.308" classname="org.login.tester.C"/>
  <testcase name="tc1" time="6.310" classname="org.login.tester.C"/>
</testsuite> <!-- org.login.tester.C -->
