<?xml version="1.0" encoding="UTF-8"?>
<!-- Generated by org.testng.reporters.JUnitReportReporter -->
<testsuite skipped="0" hostname="LAPTOP-GORURFBI" name="org.hackerrank.FF" tests="1" failures="0" timestamp="05 May 2021 16:14:52 GMT" time="0.005" errors="0">
  <testcase name="jj" time="0.005" classname="org.hackerrank.FF"/>
</testsuite> <!-- org.hackerrank.FF -->
