<?xml version="1.0" encoding="UTF-8"?>
<!-- Generated by org.testng.reporters.JUnitReportReporter -->
<testsuite skipped="0" hostname="LAPTOP-GORURFBI" name="org.task.tester.TestNgQ15" tests="1" failures="0" timestamp="25 Jan 2021 04:03:48 GMT" time="6.562" errors="0">
  <testcase name="test" time="6.562" classname="org.task.tester.TestNgQ15"/>
</testsuite> <!-- org.task.tester.TestNgQ15 -->
