<?xml version="1.0" encoding="UTF-8"?>
<!-- Generated by org.testng.reporters.JUnitReportReporter -->
<testsuite skipped="0" hostname="LAPTOP-GORURFBI" name="org.login.tester.Sample" tests="3" failures="0" timestamp="22 Jan 2021 13:57:16 GMT" time="23.167" errors="0">
  <testcase name="tc1" time="6.383" classname="org.login.tester.Sample"/>
  <testcase name="tc1" time="12.461" classname="org.login.tester.Sample"/>
  <testcase name="tc1" time="4.323" classname="org.login.tester.Sample"/>
</testsuite> <!-- org.login.tester.Sample -->
