<?xml version="1.0" encoding="UTF-8"?>
<!-- Generated by org.testng.reporters.JUnitReportReporter -->
<testsuite skipped="0" hostname="LAPTOP-GORURFBI" name="org.login.tester.DataProviderExample" tests="1" failures="0" timestamp="12 Jan 2021 10:13:18 GMT" time="5.509" errors="0">
  <testcase name="tc1" time="5.509" classname="org.login.tester.DataProviderExample"/>
</testsuite> <!-- org.login.tester.DataProviderExample -->
