<?xml version="1.0" encoding="UTF-8"?>
<!-- Generated by org.testng.reporters.JUnitReportReporter -->
<testsuite skipped="0" hostname="LAPTOP-GORURFBI" name="org.task.tester.TestNgQ3" tests="1" failures="0" timestamp="11 Apr 2021 10:46:47 GMT" time="6.799" errors="0">
  <testcase name="tc1" time="6.799" classname="org.task.tester.TestNgQ3"/>
</testsuite> <!-- org.task.tester.TestNgQ3 -->
