<?xml version="1.0" encoding="UTF-8"?>
<!-- Generated by org.testng.reporters.JUnitReportReporter -->
<testsuite skipped="0" hostname="LAPTOP-GORURFBI" name="org.task.tester.TestNgQ6" tests="3" failures="0" timestamp="25 Jan 2021 08:02:39 GMT" time="15.851" errors="0">
  <testcase name="tc1" time="4.299" classname="org.task.tester.TestNgQ6"/>
  <testcase name="tc1" time="4.303" classname="org.task.tester.TestNgQ6"/>
  <testcase name="tc1" time="7.249" classname="org.task.tester.TestNgQ6"/>
</testsuite> <!-- org.task.tester.TestNgQ6 -->
