<?xml version="1.0" encoding="UTF-8"?>
<!-- Generated by org.testng.reporters.JUnitReportReporter -->
<testsuite skipped="0" hostname="LAPTOP-GORURFBI" name="org.login.tester.C1" tests="3" failures="0" timestamp="23 Mar 2021 05:20:35 GMT" time="0.004" errors="0">
  <testcase name="tc9" time="0.002" classname="org.login.tester.C1"/>
  <testcase name="tc7" time="0.001" classname="org.login.tester.C1"/>
  <testcase name="tc8" time="0.001" classname="org.login.tester.C1"/>
</testsuite> <!-- org.login.tester.C1 -->
