<?xml version="1.0" encoding="UTF-8"?>
<!-- Generated by org.testng.reporters.JUnitReportReporter -->
<testsuite skipped="0" hostname="LAPTOP-GORURFBI" name="org.hackerrank.Orange" tests="2" failures="0" timestamp="03 Apr 2021 03:47:25 GMT" time="0.009" errors="0">
  <testcase name="tc1" time="0.008" classname="org.hackerrank.Orange"/>
  <testcase name="tc2" time="0.001" classname="org.hackerrank.Orange"/>
</testsuite> <!-- org.hackerrank.Orange -->
