<?xml version="1.0" encoding="UTF-8"?>
<!-- Generated by org.testng.reporters.JUnitReportReporter -->
<testsuite skipped="0" hostname="LAPTOP-GORURFBI" name="org.hackerrank.Mama" tests="1" failures="0" timestamp="22 Mar 2021 13:16:53 GMT" time="39.351" errors="0">
  <testcase name="tc1" time="39.351" classname="org.hackerrank.Mama"/>
</testsuite> <!-- org.hackerrank.Mama -->
