<?xml version="1.0" encoding="UTF-8"?>
<!-- Generated by org.testng.reporters.JUnitReportReporter -->
<testsuite hostname="DESKTOP-TU5HT4T" failures="0" tests="1" name="org.hackerrank.UserDefineClass" time="0.025" errors="0" timestamp="23 Jul 2023 13:49:39 GMT" skipped="0">
  <testcase classname="org.hackerrank.UserDefineClass" name="tc1" time="0.025"/>
</testsuite> <!-- org.hackerrank.UserDefineClass -->
