<?xml version="1.0" encoding="UTF-8"?>
<!-- Generated by org.testng.reporters.JUnitReportReporter -->
<testsuite skipped="0" hostname="LAPTOP-GORURFBI" name="org.login.tester.Flip" tests="3" failures="0" timestamp="19 May 2021 12:37:28 GMT" time="56.667" errors="0">
  <testcase name="tc1" time="13.034" classname="org.login.tester.Flip"/>
  <testcase name="tc1" time="18.759" classname="org.login.tester.Flip"/>
  <testcase name="tc1" time="24.874" classname="org.login.tester.Flip"/>
</testsuite> <!-- org.login.tester.Flip -->
