<?xml version="1.0" encoding="UTF-8"?>
<!-- Generated by org.testng.reporters.JUnitReportReporter -->
<testsuite skipped="0" hostname="LAPTOP-GORURFBI" name="org.task.tester.TestNgQ14" tests="1" failures="0" timestamp="25 Jan 2021 04:13:40 GMT" time="4.662" errors="0">
  <testcase name="tc1" time="4.662" classname="org.task.tester.TestNgQ14"/>
</testsuite> <!-- org.task.tester.TestNgQ14 -->
