<?xml version="1.0" encoding="UTF-8"?>
<!-- Generated by org.testng.reporters.JUnitReportReporter -->
<testsuite skipped="0" hostname="LAPTOP-GORURFBI" name="org.task.tester.TestNgQ4" tests="1" failures="0" timestamp="10 Apr 2021 05:32:22 GMT" time="3.486" errors="0">
  <testcase name="tc1" time="3.486" classname="org.task.tester.TestNgQ4"/>
</testsuite> <!-- org.task.tester.TestNgQ4 -->
