<?xml version="1.0" encoding="UTF-8"?>
<!-- Generated by org.testng.reporters.JUnitReportReporter -->
<testsuite skipped="0" hostname="LAPTOP-GORURFBI" name="org.task.tester.TestNgQ11" tests="2" failures="0" timestamp="25 Jan 2021 06:56:59 GMT" time="2.373" errors="0">
  <testcase name="tc1" time="2.263" classname="org.task.tester.TestNgQ11"/>
  <testcase name="tc2" time="0.110" classname="org.task.tester.TestNgQ11"/>
</testsuite> <!-- org.task.tester.TestNgQ11 -->
