<?xml version="1.0" encoding="UTF-8"?>
<!-- Generated by org.testng.reporters.JUnitReportReporter -->
<testsuite skipped="0" hostname="LAPTOP-GORURFBI" name="org.task.tester.TestNgQ7" tests="3" failures="0" timestamp="25 Jan 2021 07:54:15 GMT" time="26.200" errors="0">
  <testcase name="tc1" time="10.441" classname="org.task.tester.TestNgQ7"/>
  <testcase name="tc1" time="7.968" classname="org.task.tester.TestNgQ7"/>
  <testcase name="tc1" time="7.791" classname="org.task.tester.TestNgQ7"/>
</testsuite> <!-- org.task.tester.TestNgQ7 -->
