<?xml version="1.0" encoding="UTF-8"?>
<!-- Generated by org.testng.reporters.JUnitReportReporter -->
<testsuite skipped="0" hostname="LAPTOP-GORURFBI" name="org.task.tester.TestNgQ9" tests="1" failures="0" timestamp="25 Jan 2021 07:12:18 GMT" time="4.106" errors="0">
  <testcase name="tc1" time="4.106" classname="org.task.tester.TestNgQ9"/>
</testsuite> <!-- org.task.tester.TestNgQ9 -->
