<?xml version="1.0" encoding="UTF-8"?>
<!-- Generated by org.testng.reporters.JUnitReportReporter -->
<testsuite skipped="0" hostname="LAPTOP-GORURFBI" name="org.login.tester.A" tests="1" failures="0" timestamp="10 Jun 2021 14:04:16 GMT" time="3.931" errors="0">
  <testcase name="tc1" time="3.931" classname="org.login.tester.A"/>
</testsuite> <!-- org.login.tester.A -->
